/home/fede3751/Documents/git_repositories/IoT-Project/install/iot_project_solution/lib/python3.10/site-packages/iot_project_solution/__init__.py
/home/fede3751/Documents/git_repositories/IoT-Project/install/iot_project_solution/lib/python3.10/site-packages/iot_project_solution/math_utils.py
/home/fede3751/Documents/git_repositories/IoT-Project/install/iot_project_solution/lib/python3.10/site-packages/iot_project_solution/task_assigner.py
/home/fede3751/Documents/git_repositories/IoT-Project/install/iot_project_solution/lib/python3.10/site-packages/iot_project_solution/drone_controller.py
/home/fede3751/Documents/git_repositories/IoT-Project/install/iot_project_solution/lib/python3.10/site-packages/iot_project_solution/__pycache__/__init__.cpython-310.pyc
/home/fede3751/Documents/git_repositories/IoT-Project/install/iot_project_solution/lib/python3.10/site-packages/iot_project_solution/__pycache__/math_utils.cpython-310.pyc
/home/fede3751/Documents/git_repositories/IoT-Project/install/iot_project_solution/lib/python3.10/site-packages/iot_project_solution/__pycache__/task_assigner.cpython-310.pyc
/home/fede3751/Documents/git_repositories/IoT-Project/install/iot_project_solution/lib/python3.10/site-packages/iot_project_solution/__pycache__/drone_controller.cpython-310.pyc
/home/fede3751/Documents/git_repositories/IoT-Project/install/iot_project_solution/share/ament_index/resource_index/packages/iot_project_solution
/home/fede3751/Documents/git_repositories/IoT-Project/install/iot_project_solution/share/iot_project_solution/package.xml
/home/fede3751/Documents/git_repositories/IoT-Project/install/iot_project_solution/share/iot_project_solution/launch.py
/home/fede3751/Documents/git_repositories/IoT-Project/install/iot_project_solution/lib/iot_project_solution/math_utils.py
/home/fede3751/Documents/git_repositories/IoT-Project/install/iot_project_solution/lib/python3.10/site-packages/iot_project_solution-0.0.1-py3.10.egg-info/dependency_links.txt
/home/fede3751/Documents/git_repositories/IoT-Project/install/iot_project_solution/lib/python3.10/site-packages/iot_project_solution-0.0.1-py3.10.egg-info/requires.txt
/home/fede3751/Documents/git_repositories/IoT-Project/install/iot_project_solution/lib/python3.10/site-packages/iot_project_solution-0.0.1-py3.10.egg-info/PKG-INFO
/home/fede3751/Documents/git_repositories/IoT-Project/install/iot_project_solution/lib/python3.10/site-packages/iot_project_solution-0.0.1-py3.10.egg-info/top_level.txt
/home/fede3751/Documents/git_repositories/IoT-Project/install/iot_project_solution/lib/python3.10/site-packages/iot_project_solution-0.0.1-py3.10.egg-info/entry_points.txt
/home/fede3751/Documents/git_repositories/IoT-Project/install/iot_project_solution/lib/python3.10/site-packages/iot_project_solution-0.0.1-py3.10.egg-info/SOURCES.txt
/home/fede3751/Documents/git_repositories/IoT-Project/install/iot_project_solution/lib/python3.10/site-packages/iot_project_solution-0.0.1-py3.10.egg-info/zip-safe
/home/fede3751/Documents/git_repositories/IoT-Project/install/iot_project_solution/lib/iot_project_solution/drone_controller
/home/fede3751/Documents/git_repositories/IoT-Project/install/iot_project_solution/lib/iot_project_solution/task_assigner
