running egg_info
creating ../../build/iot_project/iot_project.egg-info
writing ../../build/iot_project/iot_project.egg-info/PKG-INFO
writing dependency_links to ../../build/iot_project/iot_project.egg-info/dependency_links.txt
writing requirements to ../../build/iot_project/iot_project.egg-info/requires.txt
writing top-level names to ../../build/iot_project/iot_project.egg-info/top_level.txt
writing manifest file '../../build/iot_project/iot_project.egg-info/SOURCES.txt'
reading manifest file '../../build/iot_project/iot_project.egg-info/SOURCES.txt'
writing manifest file '../../build/iot_project/iot_project.egg-info/SOURCES.txt'
running build
running build_py
creating /home/fede3751/Documents/git_repositories/IoT-Project/build/iot_project/build
creating /home/fede3751/Documents/git_repositories/IoT-Project/build/iot_project/build/lib
creating /home/fede3751/Documents/git_repositories/IoT-Project/build/iot_project/build/lib/iot_project
copying iot_project/__init__.py -> /home/fede3751/Documents/git_repositories/IoT-Project/build/iot_project/build/lib/iot_project
running install
running install_lib
creating /home/fede3751/Documents/git_repositories/IoT-Project/install/iot_project/lib/python3.10/site-packages/iot_project
copying /home/fede3751/Documents/git_repositories/IoT-Project/build/iot_project/build/lib/iot_project/__init__.py -> /home/fede3751/Documents/git_repositories/IoT-Project/install/iot_project/lib/python3.10/site-packages/iot_project
byte-compiling /home/fede3751/Documents/git_repositories/IoT-Project/install/iot_project/lib/python3.10/site-packages/iot_project/__init__.py to __init__.cpython-310.pyc
running install_data
creating /home/fede3751/Documents/git_repositories/IoT-Project/install/iot_project/share/ament_index
creating /home/fede3751/Documents/git_repositories/IoT-Project/install/iot_project/share/ament_index/resource_index
creating /home/fede3751/Documents/git_repositories/IoT-Project/install/iot_project/share/ament_index/resource_index/packages
copying resource/iot_project -> /home/fede3751/Documents/git_repositories/IoT-Project/install/iot_project/share/ament_index/resource_index/packages
copying package.xml -> /home/fede3751/Documents/git_repositories/IoT-Project/install/iot_project/share/iot_project
copying launch/launch.py -> /home/fede3751/Documents/git_repositories/IoT-Project/install/iot_project/share/iot_project
running install_egg_info
Copying ../../build/iot_project/iot_project.egg-info to /home/fede3751/Documents/git_repositories/IoT-Project/install/iot_project/lib/python3.10/site-packages/iot_project-0.0.0-py3.10.egg-info
running install_scripts
writing list of installed files to '/home/fede3751/Documents/git_repositories/IoT-Project/build/iot_project/install.log'
