running egg_info
creating ../../build/iot_project_solution/iot_project_solution.egg-info
writing ../../build/iot_project_solution/iot_project_solution.egg-info/PKG-INFO
writing dependency_links to ../../build/iot_project_solution/iot_project_solution.egg-info/dependency_links.txt
writing entry points to ../../build/iot_project_solution/iot_project_solution.egg-info/entry_points.txt
writing requirements to ../../build/iot_project_solution/iot_project_solution.egg-info/requires.txt
writing top-level names to ../../build/iot_project_solution/iot_project_solution.egg-info/top_level.txt
writing manifest file '../../build/iot_project_solution/iot_project_solution.egg-info/SOURCES.txt'
reading manifest file '../../build/iot_project_solution/iot_project_solution.egg-info/SOURCES.txt'
writing manifest file '../../build/iot_project_solution/iot_project_solution.egg-info/SOURCES.txt'
running build
running build_py
creating /home/fede3751/Documents/git_repositories/IoT-Project/build/iot_project_solution/build
creating /home/fede3751/Documents/git_repositories/IoT-Project/build/iot_project_solution/build/lib
creating /home/fede3751/Documents/git_repositories/IoT-Project/build/iot_project_solution/build/lib/iot_project_solution
copying iot_project_solution/__init__.py -> /home/fede3751/Documents/git_repositories/IoT-Project/build/iot_project_solution/build/lib/iot_project_solution
copying iot_project_solution/math_utils.py -> /home/fede3751/Documents/git_repositories/IoT-Project/build/iot_project_solution/build/lib/iot_project_solution
copying iot_project_solution/task_assigner.py -> /home/fede3751/Documents/git_repositories/IoT-Project/build/iot_project_solution/build/lib/iot_project_solution
copying iot_project_solution/drone_controller.py -> /home/fede3751/Documents/git_repositories/IoT-Project/build/iot_project_solution/build/lib/iot_project_solution
running install
/home/fede3751/.local/lib/python3.10/site-packages/setuptools/command/install.py:34: SetuptoolsDeprecationWarning: setup.py install is deprecated. Use build and pip and other standards-based tools.
  warnings.warn(
running install_lib
creating /home/fede3751/Documents/git_repositories/IoT-Project/install/iot_project_solution/lib/python3.10/site-packages/iot_project_solution
copying /home/fede3751/Documents/git_repositories/IoT-Project/build/iot_project_solution/build/lib/iot_project_solution/__init__.py -> /home/fede3751/Documents/git_repositories/IoT-Project/install/iot_project_solution/lib/python3.10/site-packages/iot_project_solution
copying /home/fede3751/Documents/git_repositories/IoT-Project/build/iot_project_solution/build/lib/iot_project_solution/math_utils.py -> /home/fede3751/Documents/git_repositories/IoT-Project/install/iot_project_solution/lib/python3.10/site-packages/iot_project_solution
copying /home/fede3751/Documents/git_repositories/IoT-Project/build/iot_project_solution/build/lib/iot_project_solution/task_assigner.py -> /home/fede3751/Documents/git_repositories/IoT-Project/install/iot_project_solution/lib/python3.10/site-packages/iot_project_solution
copying /home/fede3751/Documents/git_repositories/IoT-Project/build/iot_project_solution/build/lib/iot_project_solution/drone_controller.py -> /home/fede3751/Documents/git_repositories/IoT-Project/install/iot_project_solution/lib/python3.10/site-packages/iot_project_solution
byte-compiling /home/fede3751/Documents/git_repositories/IoT-Project/install/iot_project_solution/lib/python3.10/site-packages/iot_project_solution/__init__.py to __init__.cpython-310.pyc
byte-compiling /home/fede3751/Documents/git_repositories/IoT-Project/install/iot_project_solution/lib/python3.10/site-packages/iot_project_solution/math_utils.py to math_utils.cpython-310.pyc
byte-compiling /home/fede3751/Documents/git_repositories/IoT-Project/install/iot_project_solution/lib/python3.10/site-packages/iot_project_solution/task_assigner.py to task_assigner.cpython-310.pyc
byte-compiling /home/fede3751/Documents/git_repositories/IoT-Project/install/iot_project_solution/lib/python3.10/site-packages/iot_project_solution/drone_controller.py to drone_controller.cpython-310.pyc
running install_data
creating /home/fede3751/Documents/git_repositories/IoT-Project/install/iot_project_solution/share/ament_index
creating /home/fede3751/Documents/git_repositories/IoT-Project/install/iot_project_solution/share/ament_index/resource_index
creating /home/fede3751/Documents/git_repositories/IoT-Project/install/iot_project_solution/share/ament_index/resource_index/packages
copying resource/iot_project_solution -> /home/fede3751/Documents/git_repositories/IoT-Project/install/iot_project_solution/share/ament_index/resource_index/packages
copying package.xml -> /home/fede3751/Documents/git_repositories/IoT-Project/install/iot_project_solution/share/iot_project_solution
copying launch/launch.py -> /home/fede3751/Documents/git_repositories/IoT-Project/install/iot_project_solution/share/iot_project_solution
creating /home/fede3751/Documents/git_repositories/IoT-Project/install/iot_project_solution/lib/iot_project_solution
copying iot_project_solution/math_utils.py -> /home/fede3751/Documents/git_repositories/IoT-Project/install/iot_project_solution/lib/iot_project_solution
running install_egg_info
Copying ../../build/iot_project_solution/iot_project_solution.egg-info to /home/fede3751/Documents/git_repositories/IoT-Project/install/iot_project_solution/lib/python3.10/site-packages/iot_project_solution-0.0.1-py3.10.egg-info
running install_scripts
Installing drone_controller script to /home/fede3751/Documents/git_repositories/IoT-Project/install/iot_project_solution/lib/iot_project_solution
Installing task_assigner script to /home/fede3751/Documents/git_repositories/IoT-Project/install/iot_project_solution/lib/iot_project_solution
writing list of installed files to '/home/fede3751/Documents/git_repositories/IoT-Project/build/iot_project_solution/install.log'
