[0.944s] Invoking command in '/home/fede3751/Documents/git_repositories/IoT-Project/src/iot_project_solution': PYTHONPATH=/home/fede3751/Documents/git_repositories/IoT-Project/build/iot_project_solution/prefix_override:/home/fede3751/Documents/git_repositories/IoT-Project/install/iot_project_solution/lib/python3.10/site-packages:${PYTHONPATH} /usr/bin/python3 setup.py egg_info --egg-base ../../build/iot_project_solution build --build-base /home/fede3751/Documents/git_repositories/IoT-Project/build/iot_project_solution/build install --record /home/fede3751/Documents/git_repositories/IoT-Project/build/iot_project_solution/install.log --single-version-externally-managed
[1.111s] running egg_info
[1.112s] creating ../../build/iot_project_solution/iot_project_solution.egg-info
[1.212s] writing ../../build/iot_project_solution/iot_project_solution.egg-info/PKG-INFO
[1.212s] writing dependency_links to ../../build/iot_project_solution/iot_project_solution.egg-info/dependency_links.txt
[1.213s] writing entry points to ../../build/iot_project_solution/iot_project_solution.egg-info/entry_points.txt
[1.213s] writing requirements to ../../build/iot_project_solution/iot_project_solution.egg-info/requires.txt
[1.213s] writing top-level names to ../../build/iot_project_solution/iot_project_solution.egg-info/top_level.txt
[1.213s] writing manifest file '../../build/iot_project_solution/iot_project_solution.egg-info/SOURCES.txt'
[1.236s] reading manifest file '../../build/iot_project_solution/iot_project_solution.egg-info/SOURCES.txt'
[1.237s] writing manifest file '../../build/iot_project_solution/iot_project_solution.egg-info/SOURCES.txt'
[1.237s] running build
[1.237s] running build_py
[1.238s] creating /home/fede3751/Documents/git_repositories/IoT-Project/build/iot_project_solution/build
[1.238s] creating /home/fede3751/Documents/git_repositories/IoT-Project/build/iot_project_solution/build/lib
[1.238s] creating /home/fede3751/Documents/git_repositories/IoT-Project/build/iot_project_solution/build/lib/iot_project_solution
[1.238s] copying iot_project_solution/__init__.py -> /home/fede3751/Documents/git_repositories/IoT-Project/build/iot_project_solution/build/lib/iot_project_solution
[1.238s] copying iot_project_solution/math_utils.py -> /home/fede3751/Documents/git_repositories/IoT-Project/build/iot_project_solution/build/lib/iot_project_solution
[1.238s] copying iot_project_solution/task_assigner.py -> /home/fede3751/Documents/git_repositories/IoT-Project/build/iot_project_solution/build/lib/iot_project_solution
[1.238s] copying iot_project_solution/drone_controller.py -> /home/fede3751/Documents/git_repositories/IoT-Project/build/iot_project_solution/build/lib/iot_project_solution
[1.238s] running install
[1.238s] /home/fede3751/.local/lib/python3.10/site-packages/setuptools/command/install.py:34: SetuptoolsDeprecationWarning: setup.py install is deprecated. Use build and pip and other standards-based tools.
[1.238s]   warnings.warn(
[1.242s] running install_lib
[1.253s] creating /home/fede3751/Documents/git_repositories/IoT-Project/install/iot_project_solution/lib/python3.10/site-packages/iot_project_solution
[1.253s] copying /home/fede3751/Documents/git_repositories/IoT-Project/build/iot_project_solution/build/lib/iot_project_solution/__init__.py -> /home/fede3751/Documents/git_repositories/IoT-Project/install/iot_project_solution/lib/python3.10/site-packages/iot_project_solution
[1.253s] copying /home/fede3751/Documents/git_repositories/IoT-Project/build/iot_project_solution/build/lib/iot_project_solution/math_utils.py -> /home/fede3751/Documents/git_repositories/IoT-Project/install/iot_project_solution/lib/python3.10/site-packages/iot_project_solution
[1.253s] copying /home/fede3751/Documents/git_repositories/IoT-Project/build/iot_project_solution/build/lib/iot_project_solution/task_assigner.py -> /home/fede3751/Documents/git_repositories/IoT-Project/install/iot_project_solution/lib/python3.10/site-packages/iot_project_solution
[1.254s] copying /home/fede3751/Documents/git_repositories/IoT-Project/build/iot_project_solution/build/lib/iot_project_solution/drone_controller.py -> /home/fede3751/Documents/git_repositories/IoT-Project/install/iot_project_solution/lib/python3.10/site-packages/iot_project_solution
[1.254s] byte-compiling /home/fede3751/Documents/git_repositories/IoT-Project/install/iot_project_solution/lib/python3.10/site-packages/iot_project_solution/__init__.py to __init__.cpython-310.pyc
[1.254s] byte-compiling /home/fede3751/Documents/git_repositories/IoT-Project/install/iot_project_solution/lib/python3.10/site-packages/iot_project_solution/math_utils.py to math_utils.cpython-310.pyc
[1.255s] byte-compiling /home/fede3751/Documents/git_repositories/IoT-Project/install/iot_project_solution/lib/python3.10/site-packages/iot_project_solution/task_assigner.py to task_assigner.cpython-310.pyc
[1.255s] byte-compiling /home/fede3751/Documents/git_repositories/IoT-Project/install/iot_project_solution/lib/python3.10/site-packages/iot_project_solution/drone_controller.py to drone_controller.cpython-310.pyc
[1.255s] running install_data
[1.266s] creating /home/fede3751/Documents/git_repositories/IoT-Project/install/iot_project_solution/share/ament_index
[1.266s] creating /home/fede3751/Documents/git_repositories/IoT-Project/install/iot_project_solution/share/ament_index/resource_index
[1.266s] creating /home/fede3751/Documents/git_repositories/IoT-Project/install/iot_project_solution/share/ament_index/resource_index/packages
[1.266s] copying resource/iot_project_solution -> /home/fede3751/Documents/git_repositories/IoT-Project/install/iot_project_solution/share/ament_index/resource_index/packages
[1.266s] copying package.xml -> /home/fede3751/Documents/git_repositories/IoT-Project/install/iot_project_solution/share/iot_project_solution
[1.266s] copying launch/launch.py -> /home/fede3751/Documents/git_repositories/IoT-Project/install/iot_project_solution/share/iot_project_solution
[1.266s] creating /home/fede3751/Documents/git_repositories/IoT-Project/install/iot_project_solution/lib/iot_project_solution
[1.266s] copying iot_project_solution/math_utils.py -> /home/fede3751/Documents/git_repositories/IoT-Project/install/iot_project_solution/lib/iot_project_solution
[1.266s] running install_egg_info
[1.278s] Copying ../../build/iot_project_solution/iot_project_solution.egg-info to /home/fede3751/Documents/git_repositories/IoT-Project/install/iot_project_solution/lib/python3.10/site-packages/iot_project_solution-0.0.1-py3.10.egg-info
[1.278s] running install_scripts
[1.326s] Installing drone_controller script to /home/fede3751/Documents/git_repositories/IoT-Project/install/iot_project_solution/lib/iot_project_solution
[1.326s] Installing task_assigner script to /home/fede3751/Documents/git_repositories/IoT-Project/install/iot_project_solution/lib/iot_project_solution
[1.326s] writing list of installed files to '/home/fede3751/Documents/git_repositories/IoT-Project/build/iot_project_solution/install.log'
[1.361s] Invoked command in '/home/fede3751/Documents/git_repositories/IoT-Project/src/iot_project_solution' returned '0': PYTHONPATH=/home/fede3751/Documents/git_repositories/IoT-Project/build/iot_project_solution/prefix_override:/home/fede3751/Documents/git_repositories/IoT-Project/install/iot_project_solution/lib/python3.10/site-packages:${PYTHONPATH} /usr/bin/python3 setup.py egg_info --egg-base ../../build/iot_project_solution build --build-base /home/fede3751/Documents/git_repositories/IoT-Project/build/iot_project_solution/build install --record /home/fede3751/Documents/git_repositories/IoT-Project/build/iot_project_solution/install.log --single-version-externally-managed
