running egg_info
creating ../../build/iot_project_grader/iot_project_grader.egg-info
writing ../../build/iot_project_grader/iot_project_grader.egg-info/PKG-INFO
writing dependency_links to ../../build/iot_project_grader/iot_project_grader.egg-info/dependency_links.txt
writing entry points to ../../build/iot_project_grader/iot_project_grader.egg-info/entry_points.txt
writing requirements to ../../build/iot_project_grader/iot_project_grader.egg-info/requires.txt
writing top-level names to ../../build/iot_project_grader/iot_project_grader.egg-info/top_level.txt
writing manifest file '../../build/iot_project_grader/iot_project_grader.egg-info/SOURCES.txt'
reading manifest file '../../build/iot_project_grader/iot_project_grader.egg-info/SOURCES.txt'
writing manifest file '../../build/iot_project_grader/iot_project_grader.egg-info/SOURCES.txt'
running build
running build_py
creating /home/fede3751/Documents/git_repositories/IoT-Project/build/iot_project_grader/build
creating /home/fede3751/Documents/git_repositories/IoT-Project/build/iot_project_grader/build/lib
creating /home/fede3751/Documents/git_repositories/IoT-Project/build/iot_project_grader/build/lib/iot_project_grader
copying iot_project_grader/__init__.py -> /home/fede3751/Documents/git_repositories/IoT-Project/build/iot_project_grader/build/lib/iot_project_grader
copying iot_project_grader/grade_display.py -> /home/fede3751/Documents/git_repositories/IoT-Project/build/iot_project_grader/build/lib/iot_project_grader
running install
running install_lib
creating /home/fede3751/Documents/git_repositories/IoT-Project/install/iot_project_grader/lib/python3.10/site-packages/iot_project_grader
copying /home/fede3751/Documents/git_repositories/IoT-Project/build/iot_project_grader/build/lib/iot_project_grader/__init__.py -> /home/fede3751/Documents/git_repositories/IoT-Project/install/iot_project_grader/lib/python3.10/site-packages/iot_project_grader
copying /home/fede3751/Documents/git_repositories/IoT-Project/build/iot_project_grader/build/lib/iot_project_grader/grade_display.py -> /home/fede3751/Documents/git_repositories/IoT-Project/install/iot_project_grader/lib/python3.10/site-packages/iot_project_grader
byte-compiling /home/fede3751/Documents/git_repositories/IoT-Project/install/iot_project_grader/lib/python3.10/site-packages/iot_project_grader/__init__.py to __init__.cpython-310.pyc
byte-compiling /home/fede3751/Documents/git_repositories/IoT-Project/install/iot_project_grader/lib/python3.10/site-packages/iot_project_grader/grade_display.py to grade_display.cpython-310.pyc
running install_data
creating /home/fede3751/Documents/git_repositories/IoT-Project/install/iot_project_grader/share/ament_index
creating /home/fede3751/Documents/git_repositories/IoT-Project/install/iot_project_grader/share/ament_index/resource_index
creating /home/fede3751/Documents/git_repositories/IoT-Project/install/iot_project_grader/share/ament_index/resource_index/packages
copying resource/iot_project_grader -> /home/fede3751/Documents/git_repositories/IoT-Project/install/iot_project_grader/share/ament_index/resource_index/packages
copying package.xml -> /home/fede3751/Documents/git_repositories/IoT-Project/install/iot_project_grader/share/iot_project_grader
running install_egg_info
Copying ../../build/iot_project_grader/iot_project_grader.egg-info to /home/fede3751/Documents/git_repositories/IoT-Project/install/iot_project_grader/lib/python3.10/site-packages/iot_project_grader-1.0.0-py3.10.egg-info
running install_scripts
Installing display script to /home/fede3751/Documents/git_repositories/IoT-Project/install/iot_project_grader/lib/iot_project_grader
writing list of installed files to '/home/fede3751/Documents/git_repositories/IoT-Project/build/iot_project_grader/install.log'
