[0.950s] Invoking command in '/home/fede3751/Documents/git_repositories/IoT-Project/src/iot_project_grader': PYTHONPATH=/home/fede3751/Documents/git_repositories/IoT-Project/build/iot_project_grader/prefix_override:/home/fede3751/Documents/git_repositories/IoT-Project/install/iot_project_grader/lib/python3.10/site-packages:${PYTHONPATH} /usr/bin/python3 setup.py egg_info --egg-base ../../build/iot_project_grader build --build-base /home/fede3751/Documents/git_repositories/IoT-Project/build/iot_project_grader/build install --record /home/fede3751/Documents/git_repositories/IoT-Project/build/iot_project_grader/install.log --single-version-externally-managed
[1.110s] running egg_info
[1.110s] creating ../../build/iot_project_grader/iot_project_grader.egg-info
[1.209s] writing ../../build/iot_project_grader/iot_project_grader.egg-info/PKG-INFO
[1.209s] writing dependency_links to ../../build/iot_project_grader/iot_project_grader.egg-info/dependency_links.txt
[1.209s] writing entry points to ../../build/iot_project_grader/iot_project_grader.egg-info/entry_points.txt
[1.210s] writing requirements to ../../build/iot_project_grader/iot_project_grader.egg-info/requires.txt
[1.210s] writing top-level names to ../../build/iot_project_grader/iot_project_grader.egg-info/top_level.txt
[1.210s] writing manifest file '../../build/iot_project_grader/iot_project_grader.egg-info/SOURCES.txt'
[1.234s] reading manifest file '../../build/iot_project_grader/iot_project_grader.egg-info/SOURCES.txt'
[1.235s] writing manifest file '../../build/iot_project_grader/iot_project_grader.egg-info/SOURCES.txt'
[1.235s] running build
[1.235s] running build_py
[1.235s] creating /home/fede3751/Documents/git_repositories/IoT-Project/build/iot_project_grader/build
[1.235s] creating /home/fede3751/Documents/git_repositories/IoT-Project/build/iot_project_grader/build/lib
[1.235s] creating /home/fede3751/Documents/git_repositories/IoT-Project/build/iot_project_grader/build/lib/iot_project_grader
[1.235s] copying iot_project_grader/__init__.py -> /home/fede3751/Documents/git_repositories/IoT-Project/build/iot_project_grader/build/lib/iot_project_grader
[1.235s] copying iot_project_grader/grade_display.py -> /home/fede3751/Documents/git_repositories/IoT-Project/build/iot_project_grader/build/lib/iot_project_grader
[1.236s] running install
[1.236s] /home/fede3751/.local/lib/python3.10/site-packages/setuptools/command/install.py:34: SetuptoolsDeprecationWarning: setup.py install is deprecated. Use build and pip and other standards-based tools.
[1.236s]   warnings.warn(
[1.240s] running install_lib
[1.251s] creating /home/fede3751/Documents/git_repositories/IoT-Project/install/iot_project_grader/lib/python3.10/site-packages/iot_project_grader
[1.251s] copying /home/fede3751/Documents/git_repositories/IoT-Project/build/iot_project_grader/build/lib/iot_project_grader/__init__.py -> /home/fede3751/Documents/git_repositories/IoT-Project/install/iot_project_grader/lib/python3.10/site-packages/iot_project_grader
[1.251s] copying /home/fede3751/Documents/git_repositories/IoT-Project/build/iot_project_grader/build/lib/iot_project_grader/grade_display.py -> /home/fede3751/Documents/git_repositories/IoT-Project/install/iot_project_grader/lib/python3.10/site-packages/iot_project_grader
[1.252s] byte-compiling /home/fede3751/Documents/git_repositories/IoT-Project/install/iot_project_grader/lib/python3.10/site-packages/iot_project_grader/__init__.py to __init__.cpython-310.pyc
[1.252s] byte-compiling /home/fede3751/Documents/git_repositories/IoT-Project/install/iot_project_grader/lib/python3.10/site-packages/iot_project_grader/grade_display.py to grade_display.cpython-310.pyc
[1.253s] running install_data
[1.264s] creating /home/fede3751/Documents/git_repositories/IoT-Project/install/iot_project_grader/share/ament_index
[1.264s] creating /home/fede3751/Documents/git_repositories/IoT-Project/install/iot_project_grader/share/ament_index/resource_index
[1.264s] creating /home/fede3751/Documents/git_repositories/IoT-Project/install/iot_project_grader/share/ament_index/resource_index/packages
[1.264s] copying resource/iot_project_grader -> /home/fede3751/Documents/git_repositories/IoT-Project/install/iot_project_grader/share/ament_index/resource_index/packages
[1.264s] copying package.xml -> /home/fede3751/Documents/git_repositories/IoT-Project/install/iot_project_grader/share/iot_project_grader
[1.264s] running install_egg_info
[1.276s] Copying ../../build/iot_project_grader/iot_project_grader.egg-info to /home/fede3751/Documents/git_repositories/IoT-Project/install/iot_project_grader/lib/python3.10/site-packages/iot_project_grader-1.0.0-py3.10.egg-info
[1.276s] running install_scripts
[1.323s] Installing display script to /home/fede3751/Documents/git_repositories/IoT-Project/install/iot_project_grader/lib/iot_project_grader
[1.323s] writing list of installed files to '/home/fede3751/Documents/git_repositories/IoT-Project/build/iot_project_grader/install.log'
[1.356s] Invoked command in '/home/fede3751/Documents/git_repositories/IoT-Project/src/iot_project_grader' returned '0': PYTHONPATH=/home/fede3751/Documents/git_repositories/IoT-Project/build/iot_project_grader/prefix_override:/home/fede3751/Documents/git_repositories/IoT-Project/install/iot_project_grader/lib/python3.10/site-packages:${PYTHONPATH} /usr/bin/python3 setup.py egg_info --egg-base ../../build/iot_project_grader build --build-base /home/fede3751/Documents/git_repositories/IoT-Project/build/iot_project_grader/build install --record /home/fede3751/Documents/git_repositories/IoT-Project/build/iot_project_grader/install.log --single-version-externally-managed
